DoubleFight/Library/Bee/Android/Prj/IL2CPP/Gradle/launcher/build/intermediates/manifest_merge_blame_file/release/manifest-merger-blame-release-report.txt
1<?xml version="1.0" encoding="utf-8"?>
2<manifest xmlns:android="http://schemas.android.com/apk/res/android"
3    package="com.PolyqueGames.DoubleFight"
4    android:installLocation="preferExternal"
5    android:versionCode="1"
6    android:versionName="0.1" >
7
8    <uses-sdk
9        android:minSdkVersion="22"
9-->src\main\AndroidManifest.xml
10        android:targetSdkVersion="30" />
10-->src\main\AndroidManifest.xml
11
12    <supports-screens
12-->src\main\AndroidManifest.xml:3:3-163
13        android:anyDensity="true"
13-->src\main\AndroidManifest.xml:3:135-160
14        android:largeScreens="true"
14-->src\main\AndroidManifest.xml:3:78-105
15        android:normalScreens="true"
15-->src\main\AndroidManifest.xml:3:49-77
16        android:smallScreens="true"
16-->src\main\AndroidManifest.xml:3:21-48
17        android:xlargeScreens="true" />
17-->src\main\AndroidManifest.xml:3:106-134
18
19    <uses-feature android:glEsVersion="0x00030000" />
19-->[:unityLibrary] AndroidManifest.xml:12:5-54
19-->[:unityLibrary] AndroidManifest.xml:12:19-51
20    <uses-feature
20-->[:unityLibrary] AndroidManifest.xml:13:5-15:36
21        android:name="android.hardware.vulkan.version"
21-->[:unityLibrary] AndroidManifest.xml:14:9-55
22        android:required="false" />
22-->[:unityLibrary] AndroidManifest.xml:15:9-33
23
24    <uses-permission android:name="android.permission.INTERNET" />
24-->[:unityLibrary] AndroidManifest.xml:17:5-67
24-->[:unityLibrary] AndroidManifest.xml:17:22-64
25    <uses-permission android:name="android.permission.VIBRATE" />
25-->[:unityLibrary] AndroidManifest.xml:18:5-66
25-->[:unityLibrary] AndroidManifest.xml:18:22-63
26
27    <uses-feature
27-->[:unityLibrary] AndroidManifest.xml:20:5-22:36
28        android:name="android.hardware.touchscreen"
28-->[:unityLibrary] AndroidManifest.xml:21:9-52
29        android:required="false" />
29-->[:unityLibrary] AndroidManifest.xml:22:9-33
30    <uses-feature
30-->[:unityLibrary] AndroidManifest.xml:23:5-25:36
31        android:name="android.hardware.touchscreen.multitouch"
31-->[:unityLibrary] AndroidManifest.xml:24:9-63
32        android:required="false" />
32-->[:unityLibrary] AndroidManifest.xml:25:9-33
33    <uses-feature
33-->[:unityLibrary] AndroidManifest.xml:26:5-28:36
34        android:name="android.hardware.touchscreen.multitouch.distinct"
34-->[:unityLibrary] AndroidManifest.xml:27:9-72
35        android:required="false" />
35-->[:unityLibrary] AndroidManifest.xml:28:9-33
36
37    <uses-permission android:name="android.permission.ACCESS_NETWORK_STATE" />
37-->[:com.google.android.gms.play-services-measurement-sdk-api-20.1.2:] AndroidManifest.xml:24:5-79
37-->[:com.google.android.gms.play-services-measurement-sdk-api-20.1.2:] AndroidManifest.xml:24:22-76
38    <uses-permission android:name="android.permission.WAKE_LOCK" />
38-->[:com.google.android.gms.play-services-measurement-sdk-api-20.1.2:] AndroidManifest.xml:25:5-68
38-->[:com.google.android.gms.play-services-measurement-sdk-api-20.1.2:] AndroidManifest.xml:25:22-65
39    <uses-permission android:name="com.google.android.gms.permission.AD_ID" /> <!-- Android package visibility setting -->
39-->[:com.google.android.gms.play-services-measurement-sdk-api-20.1.2:] AndroidManifest.xml:26:5-79
39-->[:com.google.android.gms.play-services-measurement-sdk-api-20.1.2:] AndroidManifest.xml:26:22-76
40    <queries>
40-->[:com.google.android.gms.play-services-ads-lite-21.0.0:] AndroidManifest.xml:24:3-37:13
41
42        <!-- For browser content -->
43        <intent>
43-->[:com.google.android.gms.play-services-ads-lite-21.0.0:] AndroidManifest.xml:26:5-30:14
44            <action android:name="android.intent.action.VIEW" />
44-->[:com.google.android.gms.play-services-ads-lite-21.0.0:] AndroidManifest.xml:27:7-59
44-->[:com.google.android.gms.play-services-ads-lite-21.0.0:] AndroidManifest.xml:27:15-56
45
46            <category android:name="android.intent.category.BROWSABLE" />
46-->[:com.google.android.gms.play-services-ads-lite-21.0.0:] AndroidManifest.xml:28:7-68
46-->[:com.google.android.gms.play-services-ads-lite-21.0.0:] AndroidManifest.xml:28:17-65
47
48            <data android:scheme="https" />
48-->[:com.google.android.gms.play-services-ads-lite-21.0.0:] AndroidManifest.xml:29:7-38
48-->[:com.google.android.gms.play-services-ads-lite-21.0.0:] AndroidManifest.xml:29:13-35
49        </intent>
50        <!-- End of browser content -->
51        <!-- For CustomTabsService -->
52        <intent>
52-->[:com.google.android.gms.play-services-ads-lite-21.0.0:] AndroidManifest.xml:26:5-30:14
53            <action android:name="android.support.customtabs.action.CustomTabsService" />
54        </intent>
55        <!-- End of CustomTabsService -->
56    </queries>
57
58    <uses-permission android:name="com.android.vending.BILLING" />
58-->[:billing-3.0.3:] AndroidManifest.xml:10:5-67
58-->[:billing-3.0.3:] AndroidManifest.xml:10:22-64
59    <uses-permission android:name="android.permission.RECEIVE_BOOT_COMPLETED" />
59-->[:androidx.work.work-runtime-2.7.0:] AndroidManifest.xml:21:3-79
59-->[:androidx.work.work-runtime-2.7.0:] AndroidManifest.xml:21:20-76
60    <uses-permission android:name="android.permission.FOREGROUND_SERVICE" />
60-->[:androidx.work.work-runtime-2.7.0:] AndroidManifest.xml:22:3-75
60-->[:androidx.work.work-runtime-2.7.0:] AndroidManifest.xml:22:20-72
61
62    <application
62-->src\main\AndroidManifest.xml:4:3-83
63        android:appComponentFactory="androidx.core.app.CoreComponentFactory"
63-->[:androidx.core.core-1.6.0:] AndroidManifest.xml:24:18-86
64        android:extractNativeLibs="true"
64-->[:unityLibrary] AndroidManifest.xml:30:18-50
65        android:icon="@mipmap/app_icon"
65-->src\main\AndroidManifest.xml:4:49-80
66        android:label="@string/app_name" >
66-->src\main\AndroidManifest.xml:4:16-48
67        <activity
67-->[:unityLibrary] AndroidManifest.xml:31:9-51:20
68            android:name="com.unity3d.player.UnityPlayerActivity"
68-->[:unityLibrary] AndroidManifest.xml:32:13-66
69            android:configChanges="mcc|mnc|locale|touchscreen|keyboard|keyboardHidden|navigation|orientation|screenLayout|uiMode|screenSize|smallestScreenSize|fontScale|layoutDirection|density"
69-->[:unityLibrary] AndroidManifest.xml:33:13-194
70            android:hardwareAccelerated="false"
70-->[:unityLibrary] AndroidManifest.xml:34:13-48
71            android:launchMode="singleTask"
71-->[:unityLibrary] AndroidManifest.xml:35:13-44
72            android:resizeableActivity="false"
72-->[:unityLibrary] AndroidManifest.xml:36:13-47
73            android:screenOrientation="fullSensor"
73-->[:unityLibrary] AndroidManifest.xml:37:13-51
74            android:theme="@style/UnityThemeSelector" >
74-->[:unityLibrary] AndroidManifest.xml:38:13-54
75            <intent-filter>
75-->[:unityLibrary] AndroidManifest.xml:39:13-43:29
76                <action android:name="android.intent.action.MAIN" />
76-->[:unityLibrary] AndroidManifest.xml:40:17-69
76-->[:unityLibrary] AndroidManifest.xml:40:25-66
77
78                <category android:name="android.intent.category.LAUNCHER" />
78-->[:unityLibrary] AndroidManifest.xml:42:17-77
78-->[:unityLibrary] AndroidManifest.xml:42:27-74
79            </intent-filter>
80
81            <meta-data
81-->[:unityLibrary] AndroidManifest.xml:45:13-47:40
82                android:name="unityplayer.UnityActivity"
82-->[:unityLibrary] AndroidManifest.xml:46:17-57
83                android:value="true" />
83-->[:unityLibrary] AndroidManifest.xml:47:17-37
84            <meta-data
84-->[:unityLibrary] AndroidManifest.xml:48:13-50:40
85                android:name="android.notch_support"
85-->[:unityLibrary] AndroidManifest.xml:49:17-53
86                android:value="true" />
86-->[:unityLibrary] AndroidManifest.xml:50:17-37
87        </activity>
88
89        <meta-data
89-->[:unityLibrary] AndroidManifest.xml:53:9-55:33
90            android:name="unity.splash-mode"
90-->[:unityLibrary] AndroidManifest.xml:54:13-45
91            android:value="0" />
91-->[:unityLibrary] AndroidManifest.xml:55:13-30
92        <meta-data
92-->[:unityLibrary] AndroidManifest.xml:56:9-58:36
93            android:name="unity.splash-enable"
93-->[:unityLibrary] AndroidManifest.xml:57:13-47
94            android:value="True" />
94-->[:unityLibrary] AndroidManifest.xml:58:13-33
95        <meta-data
95-->[:unityLibrary] AndroidManifest.xml:59:9-61:36
96            android:name="unity.launch-fullscreen"
96-->[:unityLibrary] AndroidManifest.xml:60:13-51
97            android:value="True" />
97-->[:unityLibrary] AndroidManifest.xml:61:13-33
98        <meta-data
98-->[:unityLibrary] AndroidManifest.xml:62:9-64:37
99            android:name="unity.allow-resizable-window"
99-->[:unityLibrary] AndroidManifest.xml:63:13-56
100            android:value="False" />
100-->[:unityLibrary] AndroidManifest.xml:64:13-34
101        <meta-data
101-->[:unityLibrary] AndroidManifest.xml:65:9-67:50
102            android:name="notch.config"
102-->[:unityLibrary] AndroidManifest.xml:66:13-40
103            android:value="portrait|landscape" />
103-->[:unityLibrary] AndroidManifest.xml:67:13-47
104        <meta-data
104-->[:com.google.android.gms.play-services-basement-18.0.0:] AndroidManifest.xml:21:9-23:69
105            android:name="com.google.android.gms.version"
105-->[:com.google.android.gms.play-services-basement-18.0.0:] AndroidManifest.xml:22:13-58
106            android:value="@integer/google_play_services_version" />
106-->[:com.google.android.gms.play-services-basement-18.0.0:] AndroidManifest.xml:23:13-66
107
108        <activity
108-->[:com.google.android.gms.play-services-base-18.0.0:] AndroidManifest.xml:20:9-22:45
109            android:name="com.google.android.gms.common.api.GoogleApiActivity"
109-->[:com.google.android.gms.play-services-base-18.0.0:] AndroidManifest.xml:20:19-85
110            android:exported="false"
110-->[:com.google.android.gms.play-services-base-18.0.0:] AndroidManifest.xml:22:19-43
111            android:theme="@android:style/Theme.Translucent.NoTitleBar" /> <!-- Include the AdActivity and InAppPurchaseActivity configChanges and themes. -->
111-->[:com.google.android.gms.play-services-base-18.0.0:] AndroidManifest.xml:21:19-78
112        <activity
112-->[:com.google.android.gms.play-services-ads-lite-21.0.0:] AndroidManifest.xml:40:5-254
113            android:name="com.google.android.gms.ads.AdActivity"
113-->[:com.google.android.gms.play-services-ads-lite-21.0.0:] AndroidManifest.xml:40:15-67
114            android:configChanges="keyboard|keyboardHidden|orientation|screenLayout|uiMode|screenSize|smallestScreenSize"
114-->[:com.google.android.gms.play-services-ads-lite-21.0.0:] AndroidManifest.xml:40:68-177
115            android:exported="false"
115-->[:com.google.android.gms.play-services-ads-lite-21.0.0:] AndroidManifest.xml:40:178-202
116            android:theme="@android:style/Theme.Translucent" />
116-->[:com.google.android.gms.play-services-ads-lite-21.0.0:] AndroidManifest.xml:40:203-251
117
118        <provider
118-->[:com.google.android.gms.play-services-ads-lite-21.0.0:] AndroidManifest.xml:41:5-203
119            android:name="com.google.android.gms.ads.MobileAdsInitProvider"
119-->[:com.google.android.gms.play-services-ads-lite-21.0.0:] AndroidManifest.xml:41:15-78
120            android:authorities="com.PolyqueGames.DoubleFight.mobileadsinitprovider"
120-->[:com.google.android.gms.play-services-ads-lite-21.0.0:] AndroidManifest.xml:41:79-151
121            android:exported="false"
121-->[:com.google.android.gms.play-services-ads-lite-21.0.0:] AndroidManifest.xml:41:152-176
122            android:initOrder="100" />
122-->[:com.google.android.gms.play-services-ads-lite-21.0.0:] AndroidManifest.xml:41:177-200
123
124        <service
124-->[:com.google.android.gms.play-services-ads-lite-21.0.0:] AndroidManifest.xml:42:5-116
125            android:name="com.google.android.gms.ads.AdService"
125-->[:com.google.android.gms.play-services-ads-lite-21.0.0:] AndroidManifest.xml:42:14-65
126            android:enabled="true"
126-->[:com.google.android.gms.play-services-ads-lite-21.0.0:] AndroidManifest.xml:42:66-88
127            android:exported="false" />
127-->[:com.google.android.gms.play-services-ads-lite-21.0.0:] AndroidManifest.xml:42:89-113
128
129        <provider
129-->[:androidx.lifecycle.lifecycle-process-2.4.1:] AndroidManifest.xml:20:5-22:16
130            android:name="androidx.startup.InitializationProvider"
130-->[:androidx.lifecycle.lifecycle-process-2.4.1:] AndroidManifest.xml:20:15-69
131            android:authorities="com.PolyqueGames.DoubleFight.androidx-startup"
131-->[:androidx.lifecycle.lifecycle-process-2.4.1:] AndroidManifest.xml:20:70-137
132            android:exported="false" >
132-->[:androidx.lifecycle.lifecycle-process-2.4.1:] AndroidManifest.xml:20:138-162
133            <meta-data
133-->[:androidx.lifecycle.lifecycle-process-2.4.1:] AndroidManifest.xml:21:7-115
134                android:name="androidx.lifecycle.ProcessLifecycleInitializer"
134-->[:androidx.lifecycle.lifecycle-process-2.4.1:] AndroidManifest.xml:21:18-79
135                android:value="androidx.startup" />
135-->[:androidx.lifecycle.lifecycle-process-2.4.1:] AndroidManifest.xml:21:80-112
136            <meta-data
136-->[:androidx.work.work-runtime-2.7.0:] AndroidManifest.xml:25:7-105
137                android:name="androidx.work.WorkManagerInitializer"
137-->[:androidx.work.work-runtime-2.7.0:] AndroidManifest.xml:25:18-69
138                android:value="androidx.startup" />
138-->[:androidx.work.work-runtime-2.7.0:] AndroidManifest.xml:25:70-102
139        </provider>
140
141        <meta-data
141-->[:billing-3.0.3:] AndroidManifest.xml:13:9-15:37
142            android:name="com.google.android.play.billingclient.version"
142-->[:billing-3.0.3:] AndroidManifest.xml:14:13-73
143            android:value="3.0.3" />
143-->[:billing-3.0.3:] AndroidManifest.xml:15:13-34
144
145        <activity
145-->[:billing-3.0.3:] AndroidManifest.xml:17:9-21:75
146            android:name="com.android.billingclient.api.ProxyBillingActivity"
146-->[:billing-3.0.3:] AndroidManifest.xml:18:13-78
147            android:configChanges="keyboard|keyboardHidden|screenLayout|screenSize|orientation"
147-->[:billing-3.0.3:] AndroidManifest.xml:19:13-96
148            android:exported="false"
148-->[:billing-3.0.3:] AndroidManifest.xml:20:13-37
149            android:theme="@android:style/Theme.Translucent.NoTitleBar" />
149-->[:billing-3.0.3:] AndroidManifest.xml:21:13-72
150
151        <service
151-->[:androidx.room.room-runtime-2.2.5:] AndroidManifest.xml:25:9-28:40
152            android:name="androidx.room.MultiInstanceInvalidationService"
152-->[:androidx.room.room-runtime-2.2.5:] AndroidManifest.xml:26:13-74
153            android:directBootAware="true"
153-->[:androidx.room.room-runtime-2.2.5:] AndroidManifest.xml:27:13-43
154            android:exported="false" />
154-->[:androidx.room.room-runtime-2.2.5:] AndroidManifest.xml:28:13-37
155        <service
155-->[:androidx.work.work-runtime-2.7.0:] AndroidManifest.xml:27:5-229
156            android:name="androidx.work.impl.background.systemalarm.SystemAlarmService"
156-->[:androidx.work.work-runtime-2.7.0:] AndroidManifest.xml:27:14-89
157            android:directBootAware="false"
157-->[:androidx.work.work-runtime-2.7.0:] AndroidManifest.xml:27:90-121
158            android:enabled="@bool/enable_system_alarm_service_default"
158-->[:androidx.work.work-runtime-2.7.0:] AndroidManifest.xml:27:122-181
159            android:exported="false" />
159-->[:androidx.work.work-runtime-2.7.0:] AndroidManifest.xml:27:182-206
160        <service
160-->[:androidx.work.work-runtime-2.7.0:] AndroidManifest.xml:28:5-279
161            android:name="androidx.work.impl.background.systemjob.SystemJobService"
161-->[:androidx.work.work-runtime-2.7.0:] AndroidManifest.xml:28:14-85
162            android:directBootAware="false"
162-->[:androidx.work.work-runtime-2.7.0:] AndroidManifest.xml:28:86-117
163            android:enabled="@bool/enable_system_job_service_default"
163-->[:androidx.work.work-runtime-2.7.0:] AndroidManifest.xml:28:118-175
164            android:exported="true"
164-->[:androidx.work.work-runtime-2.7.0:] AndroidManifest.xml:28:176-199
165            android:permission="android.permission.BIND_JOB_SERVICE" />
165-->[:androidx.work.work-runtime-2.7.0:] AndroidManifest.xml:28:200-256
166        <service
166-->[:androidx.work.work-runtime-2.7.0:] AndroidManifest.xml:29:5-227
167            android:name="androidx.work.impl.foreground.SystemForegroundService"
167-->[:androidx.work.work-runtime-2.7.0:] AndroidManifest.xml:29:14-82
168            android:directBootAware="false"
168-->[:androidx.work.work-runtime-2.7.0:] AndroidManifest.xml:29:83-114
169            android:enabled="@bool/enable_system_foreground_service_default"
169-->[:androidx.work.work-runtime-2.7.0:] AndroidManifest.xml:29:115-179
170            android:exported="false" />
170-->[:androidx.work.work-runtime-2.7.0:] AndroidManifest.xml:29:180-204
171
172        <receiver
172-->[:androidx.work.work-runtime-2.7.0:] AndroidManifest.xml:30:5-193
173            android:name="androidx.work.impl.utils.ForceStopRunnable$BroadcastReceiver"
173-->[:androidx.work.work-runtime-2.7.0:] AndroidManifest.xml:30:15-90
174            android:directBootAware="false"
174-->[:androidx.work.work-runtime-2.7.0:] AndroidManifest.xml:30:91-122
175            android:enabled="true"
175-->[:androidx.work.work-runtime-2.7.0:] AndroidManifest.xml:30:123-145
176            android:exported="false" />
176-->[:androidx.work.work-runtime-2.7.0:] AndroidManifest.xml:30:146-170
177        <receiver
177-->[:androidx.work.work-runtime-2.7.0:] AndroidManifest.xml:31:5-36:16
178            android:name="androidx.work.impl.background.systemalarm.ConstraintProxy$BatteryChargingProxy"
178-->[:androidx.work.work-runtime-2.7.0:] AndroidManifest.xml:31:15-108
179            android:directBootAware="false"
179-->[:androidx.work.work-runtime-2.7.0:] AndroidManifest.xml:31:109-140
180            android:enabled="false"
180-->[:androidx.work.work-runtime-2.7.0:] AndroidManifest.xml:31:141-164
181            android:exported="false" >
181-->[:androidx.work.work-runtime-2.7.0:] AndroidManifest.xml:31:165-189
182            <intent-filter>
182-->[:androidx.work.work-runtime-2.7.0:] AndroidManifest.xml:32:7-35:23
183                <action android:name="android.intent.action.ACTION_POWER_CONNECTED" />
183-->[:androidx.work.work-runtime-2.7.0:] AndroidManifest.xml:33:9-79
183-->[:androidx.work.work-runtime-2.7.0:] AndroidManifest.xml:33:17-76
184                <action android:name="android.intent.action.ACTION_POWER_DISCONNECTED" />
184-->[:androidx.work.work-runtime-2.7.0:] AndroidManifest.xml:34:9-82
184-->[:androidx.work.work-runtime-2.7.0:] AndroidManifest.xml:34:17-79
185            </intent-filter>
186        </receiver>
187        <receiver
187-->[:androidx.work.work-runtime-2.7.0:] AndroidManifest.xml:37:5-42:16
188            android:name="androidx.work.impl.background.systemalarm.ConstraintProxy$BatteryNotLowProxy"
188-->[:androidx.work.work-runtime-2.7.0:] AndroidManifest.xml:37:15-106
189            android:directBootAware="false"
189-->[:androidx.work.work-runtime-2.7.0:] AndroidManifest.xml:37:107-138
190            android:enabled="false"
190-->[:androidx.work.work-runtime-2.7.0:] AndroidManifest.xml:37:139-162
191            android:exported="false" >
191-->[:androidx.work.work-runtime-2.7.0:] AndroidManifest.xml:37:163-187
192            <intent-filter>
192-->[:androidx.work.work-runtime-2.7.0:] AndroidManifest.xml:38:7-41:23
193                <action android:name="android.intent.action.BATTERY_OKAY" />
193-->[:androidx.work.work-runtime-2.7.0:] AndroidManifest.xml:39:9-69
193-->[:androidx.work.work-runtime-2.7.0:] AndroidManifest.xml:39:17-66
194                <action android:name="android.intent.action.BATTERY_LOW" />
194-->[:androidx.work.work-runtime-2.7.0:] AndroidManifest.xml:40:9-68
194-->[:androidx.work.work-runtime-2.7.0:] AndroidManifest.xml:40:17-65
195            </intent-filter>
196        </receiver>
197        <receiver
197-->[:androidx.work.work-runtime-2.7.0:] AndroidManifest.xml:43:5-48:16
198            android:name="androidx.work.impl.background.systemalarm.ConstraintProxy$StorageNotLowProxy"
198-->[:androidx.work.work-runtime-2.7.0:] AndroidManifest.xml:43:15-106
199            android:directBootAware="false"
199-->[:androidx.work.work-runtime-2.7.0:] AndroidManifest.xml:43:107-138
200            android:enabled="false"
200-->[:androidx.work.work-runtime-2.7.0:] AndroidManifest.xml:43:139-162
201            android:exported="false" >
201-->[:androidx.work.work-runtime-2.7.0:] AndroidManifest.xml:43:163-187
202            <intent-filter>
202-->[:androidx.work.work-runtime-2.7.0:] AndroidManifest.xml:44:7-47:23
203                <action android:name="android.intent.action.DEVICE_STORAGE_LOW" />
203-->[:androidx.work.work-runtime-2.7.0:] AndroidManifest.xml:45:9-75
203-->[:androidx.work.work-runtime-2.7.0:] AndroidManifest.xml:45:17-72
204                <action android:name="android.intent.action.DEVICE_STORAGE_OK" />
204-->[:androidx.work.work-runtime-2.7.0:] AndroidManifest.xml:46:9-74
204-->[:androidx.work.work-runtime-2.7.0:] AndroidManifest.xml:46:17-71
205            </intent-filter>
206        </receiver>
207        <receiver
207-->[:androidx.work.work-runtime-2.7.0:] AndroidManifest.xml:49:5-53:16
208            android:name="androidx.work.impl.background.systemalarm.ConstraintProxy$NetworkStateProxy"
208-->[:androidx.work.work-runtime-2.7.0:] AndroidManifest.xml:49:15-105
209            android:directBootAware="false"
209-->[:androidx.work.work-runtime-2.7.0:] AndroidManifest.xml:49:106-137
210            android:enabled="false"
210-->[:androidx.work.work-runtime-2.7.0:] AndroidManifest.xml:49:138-161
211            android:exported="false" >
211-->[:androidx.work.work-runtime-2.7.0:] AndroidManifest.xml:49:162-186
212            <intent-filter>
212-->[:androidx.work.work-runtime-2.7.0:] AndroidManifest.xml:50:7-52:23
213                <action android:name="android.net.conn.CONNECTIVITY_CHANGE" />
213-->[:androidx.work.work-runtime-2.7.0:] AndroidManifest.xml:51:9-71
213-->[:androidx.work.work-runtime-2.7.0:] AndroidManifest.xml:51:17-68
214            </intent-filter>
215        </receiver>
216        <receiver
216-->[:androidx.work.work-runtime-2.7.0:] AndroidManifest.xml:54:5-60:16
217            android:name="androidx.work.impl.background.systemalarm.RescheduleReceiver"
217-->[:androidx.work.work-runtime-2.7.0:] AndroidManifest.xml:54:15-90
218            android:directBootAware="false"
218-->[:androidx.work.work-runtime-2.7.0:] AndroidManifest.xml:54:91-122
219            android:enabled="false"
219-->[:androidx.work.work-runtime-2.7.0:] AndroidManifest.xml:54:123-146
220            android:exported="false" >
220-->[:androidx.work.work-runtime-2.7.0:] AndroidManifest.xml:54:147-171
221            <intent-filter>
221-->[:androidx.work.work-runtime-2.7.0:] AndroidManifest.xml:55:7-59:23
222                <action android:name="android.intent.action.BOOT_COMPLETED" />
222-->[:androidx.work.work-runtime-2.7.0:] AndroidManifest.xml:56:9-71
222-->[:androidx.work.work-runtime-2.7.0:] AndroidManifest.xml:56:17-68
223                <action android:name="android.intent.action.TIME_SET" />
223-->[:androidx.work.work-runtime-2.7.0:] AndroidManifest.xml:57:9-65
223-->[:androidx.work.work-runtime-2.7.0:] AndroidManifest.xml:57:17-62
224                <action android:name="android.intent.action.TIMEZONE_CHANGED" />
224-->[:androidx.work.work-runtime-2.7.0:] AndroidManifest.xml:58:9-73
224-->[:androidx.work.work-runtime-2.7.0:] AndroidManifest.xml:58:17-70
225            </intent-filter>
226        </receiver>
227        <receiver
227-->[:androidx.work.work-runtime-2.7.0:] AndroidManifest.xml:61:5-65:16
228            android:name="androidx.work.impl.background.systemalarm.ConstraintProxyUpdateReceiver"
228-->[:androidx.work.work-runtime-2.7.0:] AndroidManifest.xml:61:15-101
229            android:directBootAware="false"
229-->[:androidx.work.work-runtime-2.7.0:] AndroidManifest.xml:61:102-133
230            android:enabled="@bool/enable_system_alarm_service_default"
230-->[:androidx.work.work-runtime-2.7.0:] AndroidManifest.xml:61:134-193
231            android:exported="false" >
231-->[:androidx.work.work-runtime-2.7.0:] AndroidManifest.xml:61:194-218
232            <intent-filter>
232-->[:androidx.work.work-runtime-2.7.0:] AndroidManifest.xml:62:7-64:23
233                <action android:name="androidx.work.impl.background.systemalarm.UpdateProxies" />
233-->[:androidx.work.work-runtime-2.7.0:] AndroidManifest.xml:63:9-90
233-->[:androidx.work.work-runtime-2.7.0:] AndroidManifest.xml:63:17-87
234            </intent-filter>
235        </receiver>
236        <receiver
236-->[:androidx.work.work-runtime-2.7.0:] AndroidManifest.xml:66:5-70:16
237            android:name="androidx.work.impl.diagnostics.DiagnosticsReceiver"
237-->[:androidx.work.work-runtime-2.7.0:] AndroidManifest.xml:66:15-80
238            android:directBootAware="false"
238-->[:androidx.work.work-runtime-2.7.0:] AndroidManifest.xml:66:81-112
239            android:enabled="true"
239-->[:androidx.work.work-runtime-2.7.0:] AndroidManifest.xml:66:113-135
240            android:exported="true"
240-->[:androidx.work.work-runtime-2.7.0:] AndroidManifest.xml:66:136-159
241            android:permission="android.permission.DUMP" >
241-->[:androidx.work.work-runtime-2.7.0:] AndroidManifest.xml:66:160-204
242            <intent-filter>
242-->[:androidx.work.work-runtime-2.7.0:] AndroidManifest.xml:67:7-69:23
243                <action android:name="androidx.work.diagnostics.REQUEST_DIAGNOSTICS" />
243-->[:androidx.work.work-runtime-2.7.0:] AndroidManifest.xml:68:9-80
243-->[:androidx.work.work-runtime-2.7.0:] AndroidManifest.xml:68:17-77
244            </intent-filter>
245        </receiver>
246
247        <uses-library
247-->[:unityLibrary:GoogleMobileAdsPlugin.androidlib] AndroidManifest.xml:17:9-19:40
248            android:name="org.apache.http.legacy"
248-->[:unityLibrary:GoogleMobileAdsPlugin.androidlib] AndroidManifest.xml:18:13-50
249            android:required="false" />
249-->[:unityLibrary:GoogleMobileAdsPlugin.androidlib] AndroidManifest.xml:19:13-37
250    </application>
251
252</manifest>